-------------------------------------------------------------------------------
Test set: org.myexamples.CalculatorTest
-------------------------------------------------------------------------------
Tests run: 1, Failures: 1, Errors: 0, Skipped: 0, Time elapsed: 0.001 s <<< FAILURE! - in org.myexamples.CalculatorTest
testAddition(org.myexamples.CalculatorTest)  Time elapsed: 0.001 s  <<< FAILURE!
java.lang.AssertionError: expected:<40> but was:<41>
	at org.myexamples.CalculatorTest.testAddition(CalculatorTest.java:12)

